<?xml version="1.0" encoding="UTF-8"?>
<!-- Generated by org.testng.reporters.JUnitXMLReporter -->
<testsuite hostname="DESKTOP-EM25E1K" ignored="0" tests="1" failures="1" timestamp="05 Jun 2020 03:19:13 GMT" time="18.54" errors="0">
  <testcase name="positiveCredial" time="18.029" classname="Mgento">
    <failure type="org.openqa.selenium.SessionNotCreatedException" message="session not created: This version of ChromeDriver only supports Chrome version 81
Build info: version: &amp;apos;3.141.59&amp;apos;, revision: &amp;apos;e82be7d358&amp;apos;, time: &amp;apos;2018-11-14T08:17:03&amp;apos;
System info: host: &amp;apos;DESKTOP-EM25E1K&amp;apos;, ip: &amp;apos;192.168.43.171&amp;apos;, os.name: &amp;apos;Windows 10&amp;apos;, os.arch: &amp;apos;amd64&amp;apos;, os.version: &amp;apos;10.0&amp;apos;, java.version: &amp;apos;1.8.0_111&amp;apos;
Driver info: driver.version: ChromeDriver
remote stacktrace: Backtrace:
	Ordinal0 [0x00C15F73+2449267]
	Ordinal0 [0x00B48361+1606497]
	Ordinal0 [0x00A3F969+522601]
	Ordinal0 [0x009D05F3+67059]
	Ordinal0 [0x009CCD92+52626]
	Ordinal0 [0x009EC127+180519]
	Ordinal0 [0x009EBF2D+180013]
	Ordinal0 [0x009E9E5B+171611]
	Ordinal0 [0x009D1DD8+73176]
	Ordinal0 [0x009D2E50+77392]
	Ordinal0 [0x009D2DE9+77289]
	Ordinal0 [0x00B5D8D7+1693911]
	GetHandleVerifier [0x00CB4036+522726]
	GetHandleVerifier [0x00CB3D74+522020]
	GetHandleVerifier [0x00CC9187+609079]
	GetHandleVerifier [0x00CB48A6+524886]
	Ordinal0 [0x00B55CBC+1662140]
	Ordinal0 [0x00B5F23B+1700411]
	Ordinal0 [0x00B5F3A3+1700771]
	Ordinal0 [0x00B75215+1790485]
	BaseThreadInitThunk [0x768F62C4+36]
	RtlSubscribeWnfStateChangeNotification [0x77BD0609+1081]
	RtlSubscribeWnfStateChangeNotification [0x77BD05D4+1028]
">
      <![CDATA[org.openqa.selenium.SessionNotCreatedException: session not created: This version of ChromeDriver only supports Chrome version 81
Build info: version: '3.141.59', revision: 'e82be7d358', time: '2018-11-14T08:17:03'
System info: host: 'DESKTOP-EM25E1K', ip: '192.168.43.171', os.name: 'Windows 10', os.arch: 'amd64', os.version: '10.0', java.version: '1.8.0_111'
Driver info: driver.version: ChromeDriver
remote stacktrace: Backtrace:
Ordinal0 [0x00C15F73+2449267]
Ordinal0 [0x00B48361+1606497]
Ordinal0 [0x00A3F969+522601]
Ordinal0 [0x009D05F3+67059]
Ordinal0 [0x009CCD92+52626]
Ordinal0 [0x009EC127+180519]
Ordinal0 [0x009EBF2D+180013]
Ordinal0 [0x009E9E5B+171611]
Ordinal0 [0x009D1DD8+73176]
Ordinal0 [0x009D2E50+77392]
Ordinal0 [0x009D2DE9+77289]
Ordinal0 [0x00B5D8D7+1693911]
GetHandleVerifier [0x00CB4036+522726]
GetHandleVerifier [0x00CB3D74+522020]
GetHandleVerifier [0x00CC9187+609079]
GetHandleVerifier [0x00CB48A6+524886]
Ordinal0 [0x00B55CBC+1662140]
Ordinal0 [0x00B5F23B+1700411]
Ordinal0 [0x00B5F3A3+1700771]
Ordinal0 [0x00B75215+1790485]
BaseThreadInitThunk [0x768F62C4+36]
RtlSubscribeWnfStateChangeNotification [0x77BD0609+1081]
RtlSubscribeWnfStateChangeNotification [0x77BD05D4+1028]

at sun.reflect.NativeConstructorAccessorImpl.newInstance0(Native Method)
at sun.reflect.NativeConstructorAccessorImpl.newInstance(Unknown Source)
at sun.reflect.DelegatingConstructorAccessorImpl.newInstance(Unknown Source)
at java.lang.reflect.Constructor.newInstance(Unknown Source)
at org.openqa.selenium.remote.W3CHandshakeResponse.lambda$errorHandler$0(W3CHandshakeResponse.java:62)
at org.openqa.selenium.remote.HandshakeResponse.lambda$getResponseFunction$0(HandshakeResponse.java:30)
at org.openqa.selenium.remote.ProtocolHandshake.lambda$createSession$0(ProtocolHandshake.java:126)
at java.util.stream.ReferencePipeline$3$1.accept(Unknown Source)
at java.util.Spliterators$ArraySpliterator.tryAdvance(Unknown Source)
at java.util.stream.ReferencePipeline.forEachWithCancel(Unknown Source)
at java.util.stream.AbstractPipeline.copyIntoWithCancel(Unknown Source)
at java.util.stream.AbstractPipeline.copyInto(Unknown Source)
at java.util.stream.AbstractPipeline.wrapAndCopyInto(Unknown Source)
at java.util.stream.FindOps$FindOp.evaluateSequential(Unknown Source)
at java.util.stream.AbstractPipeline.evaluate(Unknown Source)
at java.util.stream.ReferencePipeline.findFirst(Unknown Source)
at org.openqa.selenium.remote.ProtocolHandshake.createSession(ProtocolHandshake.java:128)
at org.openqa.selenium.remote.ProtocolHandshake.createSession(ProtocolHandshake.java:74)
at org.openqa.selenium.remote.HttpCommandExecutor.execute(HttpCommandExecutor.java:136)
at org.openqa.selenium.remote.service.DriverCommandExecutor.execute(DriverCommandExecutor.java:83)
at org.openqa.selenium.remote.RemoteWebDriver.execute(RemoteWebDriver.java:552)
at org.openqa.selenium.remote.RemoteWebDriver.startSession(RemoteWebDriver.java:213)
at org.openqa.selenium.remote.RemoteWebDriver.<init>(RemoteWebDriver.java:131)
at org.openqa.selenium.chrome.ChromeDriver.<init>(ChromeDriver.java:181)
at org.openqa.selenium.chrome.ChromeDriver.<init>(ChromeDriver.java:168)
at org.openqa.selenium.chrome.ChromeDriver.<init>(ChromeDriver.java:123)
at Mgento.positiveCredial(Mgento.java:15)
at sun.reflect.NativeMethodAccessorImpl.invoke0(Native Method)
at sun.reflect.NativeMethodAccessorImpl.invoke(Unknown Source)
at sun.reflect.DelegatingMethodAccessorImpl.invoke(Unknown Source)
at java.lang.reflect.Method.invoke(Unknown Source)
at org.testng.internal.MethodInvocationHelper.invokeMethod(MethodInvocationHelper.java:124)
at org.testng.internal.Invoker.invokeMethod(Invoker.java:583)
at org.testng.internal.Invoker.invokeTestMethod(Invoker.java:719)
at org.testng.internal.Invoker.invokeTestMethods(Invoker.java:989)
at org.testng.internal.TestMethodWorker.invokeTestMethods(TestMethodWorker.java:125)
at org.testng.internal.TestMethodWorker.run(TestMethodWorker.java:109)
at org.testng.TestRunner.privateRun(TestRunner.java:648)
at org.testng.TestRunner.run(TestRunner.java:505)
at org.testng.SuiteRunner.runTest(SuiteRunner.java:455)
at org.testng.SuiteRunner.runSequentially(SuiteRunner.java:450)
at org.testng.SuiteRunner.privateRun(SuiteRunner.java:415)
at org.testng.SuiteRunner.run(SuiteRunner.java:364)
at org.testng.SuiteRunnerWorker.runSuite(SuiteRunnerWorker.java:52)
at org.testng.SuiteRunnerWorker.run(SuiteRunnerWorker.java:84)
at org.testng.TestNG.runSuitesSequentially(TestNG.java:1208)
at org.testng.TestNG.runSuitesLocally(TestNG.java:1137)
at org.testng.TestNG.runSuites(TestNG.java:1049)
at org.testng.TestNG.run(TestNG.java:1017)
at org.testng.remote.AbstractRemoteTestNG.run(AbstractRemoteTestNG.java:115)
at org.testng.remote.RemoteTestNG.initAndRun(RemoteTestNG.java:251)
at org.testng.remote.RemoteTestNG.main(RemoteTestNG.java:77)
]]>
    </failure>
  </testcase> <!-- positiveCredial -->
</testsuite>
